<?xml version="1.0" encoding="UTF-8"?>
<testng-results skipped="0" failed="0" ignored="0" total="1" passed="1">
  <reporter-output>
  </reporter-output>
  <suite name="Suite" duration-ms="31038" started-at="2020-03-30T15:26:07 GST" finished-at="2020-03-30T15:26:39 GST">
    <groups>
    </groups>
    <test name="Test" duration-ms="31038" started-at="2020-03-30T15:26:07 GST" finished-at="2020-03-30T15:26:39 GST">
      <class name="Framework.practice.HomePageTest">
        <test-method status="PASS" signature="averifyTestCase()[pri:0, instance:Framework.practice.HomePageTest@4abdb505]" name="averifyTestCase" duration-ms="30973" started-at="2020-03-30T15:26:08 GST" finished-at="2020-03-30T15:26:39 GST">
          <reporter-output>
          </reporter-output>
        </test-method> <!-- averifyTestCase -->
      </class> <!-- Framework.practice.HomePageTest -->
    </test> <!-- Test -->
  </suite> <!-- Suite -->
</testng-results>
